C:\MinGW\bin\mingw32-make.exe all -f "C:\vscode\HW4\Makefile" --print-data-base --no-builtin-variables --no-builtin-rules --question
# GNU Make 3.82.90
# Built for i686-pc-mingw32
# Copyright (C) 1988-2012 Free Software Foundation, Inc.
# License GPLv3+: GNU GPL version 3 or later <http://gnu.org/licenses/gpl.html>
# This is free software: you are free to change and redistribute it.
# There is NO WARRANTY, to the extent permitted by law.
 

# Make data base, printed on Tue Aug 03 23:36:36 2021

# Variables

# automatic
<D = $(patsubst %/,%,$(patsubst %\,%,$(dir $<)))
# automatic
?F = $(notdir $?)
# default
.SHELLFLAGS := -c
# makefile
MAKEFLAGS = Rrqp
# environment
VSCODE_LOG_NATIVE = false
# automatic
?D = $(patsubst %/,%,$(patsubst %\,%,$(dir $?)))
# automatic
@D = $(patsubst %/,%,$(patsubst %\,%,$(dir $@)))
# environment
HOMEDRIVE = C:
# automatic
@F = $(notdir $@)
# automatic
^D = $(patsubst %/,%,$(patsubst %\,%,$(dir $^)))
# makefile
CURDIR := c:/vscode/HW4
# default
SHELL := sh.exe
# environment
WINDIR = C:\WINDOWS
# environment
VSCODE_NLS_CONFIG = {"locale":"ko","availableLanguages":{"*":"ko"},"_languagePackId":"0870ca4c13bde4b650a434d6ffe742f8.ko","_translationsConfigFile":"C:\\Users\\djkye\\AppData\\Roaming\\Code\\clp\\0870ca4c13bde4b650a434d6ffe742f8.ko\\tcf.json","_cacheRoot":"C:\\Users\\djkye\\AppData\\Roaming\\Code\\clp\\0870ca4c13bde4b650a434d6ffe742f8.ko","_resolvedLanguagePackCoreLocation":"C:\\Users\\djkye\\AppData\\Roaming\\Co 
de\\clp\\0870ca4c13bde4b650a434d6ffe742f8.ko\\c3f126316369cd610563c75b1b1725e0679adfb3","_corruptedFile":"C:\\Users\\djkye\\AppData\\Roaming\\Code\\clp\\0870ca4c13bde4b650a434d6ffe742f8.ko\\corrupted.info","_languagePackSupport":true}
# environment
VBOX_MSI_INSTALL_PATH = C:\Program Files\Oracle\VirtualBox\
# environment
ONEDRIVE = C:\Users\djkye\OneDrive
# environment
PATHEXT = .COM;.EXE;.BAT;.CMD;.VBS;.VBE;.JS;.JSE;.WSF;.WSH;.MSC
# makefile (from 'C:\vscode\HW4\Makefile', line 1)
MAKEFILE_LIST :=  C:\vscode\HW4\Makefile
# environment
FPS_BROWSER_USER_PROFILE_STRING = Default
# environment
TMP = C:\Users\djkye\AppData\Local\Temp
# environment
VSCODE_VERBOSE_LOGGING = true
# environment
PROGRAMW6432 = C:\Program Files
# environment
PROGRAMDATA = C:\ProgramData
# environment
VSCODE_IPC_HOOK_EXTHOST = \\.\pipe\vscode-ipc-5e6b76f9-ccd3-4e4d-a81b-4c118c8c08f4-sock
# environment
VSCODE_CWD = C:\Users\djkye\AppData\Local\Programs\Microsoft VS Code
# environment
PATH = C:\WINDOWS\system32;C:\WINDOWS;C:\WINDOWS\System32\Wbem;C:\WINDOWS\System32\WindowsPowerShell\v1.0\;C:\WINDOWS\System32\OpenSSH\;C:\MinGW\bin;C:\Program Files\PuTTY\;C:\Program Files\Git\cmd;C:\Users\djkye\AppData\Local\Programs\Python\Python39\Scripts\;C:\Users\djkye\AppData\Local\Programs\Python\Python39\;C:\Users\djkye\AppData\Local\Microsoft\WindowsApps;;C:\Users\djkye\AppData\Local\Programs\Microsoft VS Code\bin
# environment
COMMONPROGRAMW6432 = C:\Program Files\Common Files
# environment
PROCESSOR_ARCHITECTURE = x86
# environment
USERPROFILE = C:\Users\djkye
# environment
ALLUSERSPROFILE = C:\ProgramData
# environment
VSCODE_LOG_STACK = false
# environment
NUMBER_OF_PROCESSORS = 6
# environment
ELECTRON_RUN_AS_NODE = 1
# default
.FEATURES := target-specific order-only second-expansion else-if shortest-stem undefine oneshell archives jobserver
# automatic
%F = $(notdir $%)
# environment
CHROME_CRASHPAD_PIPE_NAME = \\.\pipe\crashpad_5968_EZENKXQSXRULKDBB
# environment
VSCODE_PIPE_LOGGING = true
# environment
COMPUTERNAME = DESKTOP-0OR5R23
# environment
PROGRAMFILES = C:\Program Files (x86)
# environment
DRIVERDATA = C:\Windows\System32\Drivers\DriverData
# environment
ORIGINAL_XDG_CURRENT_DESKTOP = undefined
# environment
USERNAME = djkye
# environment
PUBLIC = C:\Users\Public
# environment
VSCODE_AMD_ENTRYPOINT = vs/workbench/services/extensions/node/extensionHostProcess
# environment
VSCODE_CODE_CACHE_PATH = C:\Users\djkye\AppData\Roaming\Code\CachedData\c3f126316369cd610563c75b1b1725e0679adfb3
# environment
APPLICATION_INSIGHTS_NO_DIAGNOSTIC_CHANNEL = true
# environment
COMMONPROGRAMFILES = C:\Program Files (x86)\Common Files
# environment
LOGONSERVER = \\DESKTOP-0OR5R23
# environment
ONEDRIVECONSUMER = C:\Users\djkye\OneDrive
# environment
VSCODE_HANDLES_UNCAUGHT_ERRORS = true
# environment
USERDOMAIN = DESKTOP-0OR5R23
# environment
MAKELEVEL := 0
# default
MAKE = $(MAKE_COMMAND)
# default
MAKECMDGOALS := all
# default
MAKE_VERSION := 3.82.90
# makefile
.DEFAULT_GOAL := VMS
# environment
PROGRAMFILES(X86) = C:\Program Files (x86)
# automatic
%D = $(patsubst %/,%,$(patsubst %\,%,$(dir $%)))
# environment
LOCALAPPDATA = C:\Users\djkye\AppData\Local
# environment
PSMODULEPATH = C:\Program Files\WindowsPowerShell\Modules;C:\WINDOWS\system32\WindowsPowerShell\v1.0\Modules
# default
MAKE_COMMAND := C:/MinGW/bin/mingw32-make
# environment
PROCESSOR_ARCHITEW6432 = AMD64
# default
.VARIABLES := 
# automatic
*F = $(notdir $*)
# environment
PROCESSOR_IDENTIFIER = AMD64 Family 23 Model 113 Stepping 0, AuthenticAMD
# environment
OS = Windows_NT
# environment
VSCODE_IPC_HOOK = \\.\pipe\e5418c9fc29c00525687a11a1c580e0e-1.58.2-main-sock
# environment
HOMEPATH = \Users\djkye
# environment
COMMONPROGRAMFILES(X86) = C:\Program Files (x86)\Common Files
# environment
PROMPT = $P$G
# environment
MFLAGS = -Rrqp
# automatic
*D = $(patsubst %/,%,$(patsubst %\,%,$(dir $*)))
# environment
SYSTEMROOT = C:\WINDOWS
# automatic
+D = $(patsubst %/,%,$(patsubst %\,%,$(dir $+)))
# automatic
+F = $(notdir $+)
# environment
APPDATA = C:\Users\djkye\AppData\Roaming
# environment
TEMP = C:\Users\djkye\AppData\Local\Temp
# environment
COMSPEC = C:\WINDOWS\system32\cmd.exe
# default
MAKEFILES := 
# environment
VSCODE_BROWSER_CODE_LOADING = bypassHeatCheck
# automatic
<F = $(notdir $<)
# environment
LC_ALL = C
# automatic
^F = $(notdir $^)
# default
SUFFIXES := 
# environment
SYSTEMDRIVE = C:
# environment
SESSIONNAME = Console
# environment
PROCESSOR_REVISION = 7100
# default
.INCLUDE_DIRS = C:/MinGW/include
# default
.RECIPEPREFIX := 
# environment
LANG = C
# environment
PROCESSOR_LEVEL = 23
# environment
FPS_BROWSER_APP_PROFILE_STRING = Internet Explorer
# environment
VSCODE_PID = 5968
# environment
USERDOMAIN_ROAMINGPROFILE = DESKTOP-0OR5R23
# variable set hash-table stats:
# Load=94/1024=9%, Rehash=0, Collisions=11/113=10%

# Pattern-specific Variable Values

# No pattern-specific variable values.

# Directories

# : could not be stat'd.
# C:\WINDOWS\System32\WindowsPowerShell\v1.0\ (key C:/WINDOWS/System32/WindowsPowerShell/v1.0/, mtime 1624286561): 31 files, no impossibilities.
# . (key c:/v 
scode/HW4, mtime 1627998085): 8 files, no impossibilities.
# C:\Program Files\Git\cmd (key C:/Program Files/Git/cmd, mtime 1626365476): 8 files, no impossibilities.
# C:\WINDOWS\System32\OpenSSH\: could not be stat'd.
# C:\Users\djkye\AppData\Local\Programs\Python\Python39\ (key C:/Users/djkye/AppData/Local/Programs/Python/Python39/, mtime 1624354028): 18 files, no impossibilities.
# C:\MinGW\bin (key C:/MinGW/bin, mtime 1624287864): 127 files, no impossibilities.
# C:\Users\djkye\AppData\Local\Programs\Python\Python39\Scripts\ (key C:/Users/djkye/AppData/Local/Programs/Python/Python39/Scripts/, mtime 1624354028): 5 files, no impossibilities.
# C:\WINDOWS (key C:/WINDOWS, mtime 1627389903): 109 files, no impossibilities.
# C:\WINDOWS\System32\Wbem (key C:/WINDOWS/System32/Wbem, mtime 1626456171): 171 files, no impossibilities.
# C:\Users\djkye\AppData\Local\Microsoft\WindowsApps (key C:/Users/djkye/AppData/Local/Microsoft/WindowsApps, mtime 1627310139): 13 files, no impossibilities.
# C:\WINDOWS\system32 (key C:/WINDOWS/system32, mtime 1627516073): 3037 files, no impossibilities.
# C:\Users\djkye\AppData\Local\Programs\Microsoft VS Code\bin (key C:/Users/djkye/AppData/Local/Programs/Microsoft VS Code/bin, mtime 1626540114): 4 files, no impossibilities.
# C:\Program Files\PuTTY\ (key C:/Program Files/PuTTY/, mtime 1624288920): 12 files, no impossibilities.

# 3543 files, no impossibilities in 14 directories.

# Implicit Rules

# No implicit rules.

# Files

# Not a target:
C:\vscode\HW4\Makefile:
#  Implicit rul 
e search has been done.
#  Last modified 2021-08-03 23:29:52
#  File has been updated.
#  Successfully updated.

# Not a target:
all:
#  Command line target.
#  Implicit rule search has been done.
#  File does not exist.
#  File has not been updated.

dataStructure.o:
#  Implicit rule search has not been done.
#  Modification time never checked.
#  File has not been updated.
#  recipe to execute (from 'C:\vscode\HW4\Makefile', line 9):
	gcc -c -o dataStructure.o src/cfile/dataStructure.c

# Not a target:
.SUFFIXES:
#  Implicit rule search has not been done.
#  Modification time never checked.
#  File has not been updated.

# Not a target:
.DEFAULT:
#  Implicit rule search has not been done.
#  Modification time never checked.
#  File has not been updated.

VMS: dataStructure.o memory.o VirtualMemorySystem.o
#  Implicit rule search has not been done.
#  Modification time never checked.
#  File has not been updated.
#  recipe to execute (from 'C:\vscode\HW4\Makefile', line 3):
	gcc -o VMS VirtualMemorySystem.o dataStructure.o memory.o

VirtualMemorySystem.o:
#  Implicit rule search has not been done.
#  Modification time never checked.
#  File has not been updated.
#  recipe to execute (from 'C:\vscode\HW4\Makefile', line 6):
	gcc -c -o VirtualMemorySystem.o VirtualMemorySystem.c

memory.o:
#  Implicit rule search has not been done.
#  Modification time never checked.
#  File has not been updated.
#  recipe to execute (from 'C:\vscode\HW4\Makefile', line 12):
	gcc -c -o memory.o src/cfile/memory.c

# files hash-table stats:
# Load=8/1024=1%, Rehash=0, Collisions=0/24=0%
# VPATH Search Paths

# No 'vpath' search paths.

# No general ('VPATH' variable) search path.

# strcache buffers: 7 (6) / strings = 3522 / storage = 52784 B / avg = 14 B
# current buf: size = 8174 B / used = 3773 B / count = 256 / avg = 14 B
# other used: total = 44610 B / count = 3266 / avg = 13 B
# other free: total = 33 B / max = 14 B / min = 1 B / avg = 5 B

# strcache performance: lookups = 3575 / hit rate = 1%
# hash-table stats:
# Load=3522 
mingw32-make: *** No rule to make target 'all'.  Stop.
 
/8192=43%, Rehash=0, Collisions=1236/3575=35%
# Finished Make data base on Tue Aug 03 23:36:36 2021

 
